Nov 18, 2018 7:13:01 PM org.apache.catalina.startup.VersionLoggerListener log
INFO: Server version:        Apache Tomcat (TomEE)/7.0.81 (1.7.5)
Nov 18, 2018 7:13:01 PM org.apache.catalina.startup.VersionLoggerListener log
INFO: Server built:          Aug 11 2017 10:21:27 UTC
Nov 18, 2018 7:13:01 PM org.apache.catalina.startup.VersionLoggerListener log
INFO: Server number:         7.0.81.0
Nov 18, 2018 7:13:01 PM org.apache.catalina.startup.VersionLoggerListener log
INFO: OS Name:               Windows 7
Nov 18, 2018 7:13:01 PM org.apache.catalina.startup.VersionLoggerListener log
INFO: OS Version:            6.1
Nov 18, 2018 7:13:01 PM org.apache.catalina.startup.VersionLoggerListener log
INFO: Architecture:          amd64
Nov 18, 2018 7:13:01 PM org.apache.catalina.startup.VersionLoggerListener log
INFO: Java Home:             C:\Program Files\Java\jdk1.8.0_191\jre
Nov 18, 2018 7:13:01 PM org.apache.catalina.startup.VersionLoggerListener log
INFO: JVM Version:           1.8.0_191-b12
Nov 18, 2018 7:13:01 PM org.apache.catalina.startup.VersionLoggerListener log
INFO: JVM Vendor:            Oracle Corporation
Nov 18, 2018 7:13:01 PM org.apache.catalina.startup.VersionLoggerListener log
INFO: CATALINA_BASE:         C:\opensap\address-manager\application\target\apache-tomee
Nov 18, 2018 7:13:01 PM org.apache.catalina.startup.VersionLoggerListener log
INFO: CATALINA_HOME:         C:\opensap\address-manager\application\target\apache-tomee
Nov 18, 2018 7:13:01 PM org.apache.catalina.startup.VersionLoggerListener log
INFO: Command line argument: -XX:+HeapDumpOnOutOfMemoryError
Nov 18, 2018 7:13:01 PM org.apache.catalina.startup.VersionLoggerListener log
INFO: Command line argument: -Dorg.apache.catalina.STRICT_SERVLET_COMPLIANCE=false
Nov 18, 2018 7:13:01 PM org.apache.catalina.startup.VersionLoggerListener log
INFO: Command line argument: -Dopenejb.session.manager=org.apache.tomee.catalina.session.QuickSessionManager
Nov 18, 2018 7:13:01 PM org.apache.catalina.startup.VersionLoggerListener log
INFO: Command line argument: -Dtomee.remote.support=true
Nov 18, 2018 7:13:01 PM org.apache.catalina.startup.VersionLoggerListener log
INFO: Command line argument: -Dopenejb.system.apps=false
Nov 18, 2018 7:13:01 PM org.apache.catalina.startup.VersionLoggerListener log
INFO: Command line argument: -Djava.util.logging.config.file=C:\opensap\address-manager\application\target\apache-tomee\conf\logging.properties
Nov 18, 2018 7:13:01 PM org.apache.catalina.startup.VersionLoggerListener log
INFO: Command line argument: -javaagent:C:\opensap\address-manager\application\target\apache-tomee\lib\openejb-javaagent.jar
Nov 18, 2018 7:13:01 PM org.apache.catalina.startup.VersionLoggerListener log
INFO: Command line argument: -Djava.util.logging.manager=org.apache.juli.ClassLoaderLogManager
Nov 18, 2018 7:13:01 PM org.apache.catalina.startup.VersionLoggerListener log
INFO: Command line argument: -Djava.io.tmpdir=C:\opensap\address-manager\application\target\apache-tomee\temp
Nov 18, 2018 7:13:01 PM org.apache.catalina.startup.VersionLoggerListener log
INFO: Command line argument: -Djava.endorsed.dirs=C:\opensap\address-manager\application\target\apache-tomee\endorsed
Nov 18, 2018 7:13:01 PM org.apache.catalina.startup.VersionLoggerListener log
INFO: Command line argument: -Dcatalina.base=C:\opensap\address-manager\application\target\apache-tomee
Nov 18, 2018 7:13:01 PM org.apache.catalina.startup.VersionLoggerListener log
INFO: Command line argument: -Dcatalina.home=C:\opensap\address-manager\application\target\apache-tomee
Nov 18, 2018 7:13:01 PM org.apache.catalina.startup.VersionLoggerListener log
INFO: Command line argument: -Dcatalina.ext.dirs=C:\opensap\address-manager\application\target\apache-tomee\lib
Nov 18, 2018 7:13:01 PM org.apache.catalina.startup.VersionLoggerListener log
INFO: Command line argument: -Dorg.apache.tomcat.util.http.ServerCookie.ALLOW_HTTP_SEPARATORS_IN_V0=true
Nov 18, 2018 7:13:01 PM org.apache.catalina.startup.VersionLoggerListener log
INFO: Command line argument: -ea
Nov 18, 2018 7:13:01 PM org.apache.catalina.core.AprLifecycleListener lifecycleEvent
INFO: The APR based Apache Tomcat Native library which allows optimal performance in production environments was not found on the java.library.path: C:\Program Files\Java\jdk1.8.0_191\jre\bin;C:\Windows\Sun\Java\bin;C:\Windows\system32;C:\Windows;C:\Program Files (x86)\Common Files\Oracle\Java\javapath;C:\ProgramData\Oracle\Java\javapath;C:\Program Files (x86)\NVIDIA Corporation\PhysX\Common;C:\Program Files (x86)\Intel\iCLS Client\;C:\Program Files\Intel\iCLS Client\;C:\Program Files\Common Files\Microsoft Shared\Windows Live;C:\Program Files (x86)\Common Files\Microsoft Shared\Windows Live;C:\Windows\system32;C:\Windows;C:\Windows\System32\Wbem;C:\Windows\System32\WindowsPowerShell\v1.0\;C:\Program Files (x86)\Common Files\Roxio Shared\OEM\DLLShared\;C:\Program Files (x86)\Common Files\Roxio Shared\OEM\DLLShared\;C:\Program Files (x86)\Common Files\Roxio Shared\OEM\12.0\DLLShared\;C:\Program Files (x86)\Roxio\OEM\AudioCore\;C:\Program Files (x86)\Windows Live\Shared;C:\Program Files\Dell\Dell Data Protection\Access\Advanced\Wave\Gemalto\Access Client\v5\;C:\Program Files (x86)\NTRU Cryptosystems\NTRU TCG Software Stack\bin\;C:\Program Files\NTRU Cryptosystems\NTRU TCG Software Stack\bin\;C:\Program Files\Intel\Intel(R) Management Engine Components\DAL;C:\Program Files\Intel\Intel(R) Management Engine Components\IPT;C:\Program Files (x86)\Intel\Intel(R) Management Engine Components\DAL;C:\Program Files (x86)\Intel\Intel(R) Management Engine Components\IPT;C:\Program Files\Intel\WiFi\bin\;C:\Program Files\Common Files\Intel\WirelessCommon\;C:\Program Files (x86)\HP\IdrsOCR_15.2.10.1114\;C:\ProgramData\chocolatey\bin;C:\Program Files\Java\jdk1.8.0_191\bin;C:\Program Files\Intel\WiFi\bin\;C:\Program Files\Common Files\Intel\WirelessCommon\;.;;.;;.;;.;;.
Nov 18, 2018 7:13:02 PM org.apache.coyote.AbstractProtocol init
INFO: Initializing ProtocolHandler ["http-bio-8080"]
Nov 18, 2018 7:13:02 PM org.apache.coyote.AbstractProtocol init
INFO: Initializing ProtocolHandler ["ajp-bio-8009"]
Nov 18, 2018 7:13:02 PM org.apache.openejb.util.OptionsLog info
INFO: Using 'tomee.remote.support=true'
Nov 18, 2018 7:13:02 PM org.apache.openejb.util.OptionsLog info
INFO: Using 'openejb.jdbc.datasource-creator=org.apache.tomee.jdbc.TomEEDataSourceCreator'
Nov 18, 2018 7:13:02 PM org.apache.openejb.OpenEJB$Instance <init>
INFO: ********************************************************************************
Nov 18, 2018 7:13:02 PM org.apache.openejb.OpenEJB$Instance <init>
INFO: OpenEJB http://tomee.apache.org/
Nov 18, 2018 7:13:02 PM org.apache.openejb.OpenEJB$Instance <init>
INFO: Startup: Sun Nov 18 19:13:02 CET 2018
Nov 18, 2018 7:13:02 PM org.apache.openejb.OpenEJB$Instance <init>
INFO: Copyright 1999-2015 (C) Apache OpenEJB/TomEE Project, All Rights Reserved.
Nov 18, 2018 7:13:02 PM org.apache.openejb.OpenEJB$Instance <init>
INFO: Version: 4.7.5
Nov 18, 2018 7:13:02 PM org.apache.openejb.OpenEJB$Instance <init>
INFO: Build date: 20170927
Nov 18, 2018 7:13:02 PM org.apache.openejb.OpenEJB$Instance <init>
INFO: Build time: 12:02
Nov 18, 2018 7:13:02 PM org.apache.openejb.OpenEJB$Instance <init>
INFO: ********************************************************************************
Nov 18, 2018 7:13:02 PM org.apache.openejb.OpenEJB$Instance <init>
INFO: openejb.home = C:\opensap\address-manager\application\target\apache-tomee
Nov 18, 2018 7:13:02 PM org.apache.openejb.OpenEJB$Instance <init>
INFO: openejb.base = C:\opensap\address-manager\application\target\apache-tomee
Nov 18, 2018 7:13:02 PM org.apache.openejb.cdi.CdiBuilder initializeOWB
INFO: Created new singletonService org.apache.openejb.cdi.ThreadSingletonServiceImpl@51b279c9
Nov 18, 2018 7:13:02 PM org.apache.openejb.cdi.CdiBuilder initializeOWB
INFO: Succeeded in installing singleton service
Nov 18, 2018 7:13:02 PM org.apache.openejb.config.ConfigurationFactory init
INFO: openejb configuration file is 'C:\opensap\address-manager\application\target\apache-tomee\conf\tomee.xml'
Nov 18, 2018 7:13:02 PM org.apache.openejb.config.ConfigurationFactory configureService
INFO: Configuring Service(id=Tomcat Security Service, type=SecurityService, provider-id=Tomcat Security Service)
Nov 18, 2018 7:13:02 PM org.apache.openejb.config.ConfigurationFactory configureService
INFO: Configuring Service(id=Default Transaction Manager, type=TransactionManager, provider-id=Default Transaction Manager)
Nov 18, 2018 7:13:02 PM org.apache.openejb.util.OptionsLog info
INFO: Using 'openejb.system.apps=false'
Nov 18, 2018 7:13:02 PM org.apache.openejb.util.OptionsLog info
INFO: Using 'openejb.deployments.classpath=false'
Nov 18, 2018 7:13:02 PM org.apache.openejb.assembler.classic.Assembler createRecipe
INFO: Creating TransactionManager(id=Default Transaction Manager)
Nov 18, 2018 7:13:03 PM org.apache.openejb.assembler.classic.Assembler createRecipe
INFO: Creating SecurityService(id=Tomcat Security Service)
Nov 18, 2018 7:13:03 PM org.apache.openejb.server.ServiceManager initServer
INFO: Creating ServerService(id=cxf-rs)
Nov 18, 2018 7:13:03 PM org.apache.openejb.server.SimpleServiceManager start
INFO:   ** Bound Services **
Nov 18, 2018 7:13:03 PM org.apache.openejb.server.SimpleServiceManager printRow
INFO:   NAME                 IP              PORT  
Nov 18, 2018 7:13:03 PM org.apache.openejb.server.SimpleServiceManager start
INFO: -------
Nov 18, 2018 7:13:03 PM org.apache.openejb.server.SimpleServiceManager start
INFO: Ready!
Nov 18, 2018 7:13:03 PM org.apache.catalina.startup.Catalina load
INFO: Initialization processed in 1812 ms
Nov 18, 2018 7:13:03 PM org.apache.tomee.catalina.OpenEJBNamingContextListener bindResource
INFO: Importing a Tomcat Resource with id 'UserDatabase' of type 'org.apache.catalina.UserDatabase'.
Nov 18, 2018 7:13:03 PM org.apache.openejb.assembler.classic.Assembler createRecipe
INFO: Creating Resource(id=UserDatabase)
Nov 18, 2018 7:13:03 PM org.apache.catalina.core.StandardService startInternal
INFO: Starting service Catalina
Nov 18, 2018 7:13:03 PM org.apache.catalina.core.StandardEngine startInternal
INFO: Starting Servlet Engine: Apache Tomcat (TomEE)/7.0.81 (1.7.5)
Nov 18, 2018 7:13:03 PM org.apache.catalina.startup.HostConfig deployWAR
INFO: Deploying web application archive C:\opensap\address-manager\application\target\apache-tomee\webapps\ROOT.war
Nov 18, 2018 7:13:03 PM org.apache.tomee.catalina.TomcatWebAppBuilder init
INFO: ------------------------- localhost -> /
Nov 18, 2018 7:13:03 PM org.apache.openejb.util.JarExtractor extract
INFO: Extracting jar: C:\opensap\address-manager\application\target\apache-tomee\webapps\ROOT.war
Nov 18, 2018 7:13:03 PM org.apache.openejb.util.JarExtractor extract
INFO: Extracted path: C:\opensap\address-manager\application\target\apache-tomee\webapps\ROOT
Nov 18, 2018 7:13:03 PM org.apache.openejb.util.OptionsLog info
INFO: Using 'openejb.session.manager=org.apache.tomee.catalina.session.QuickSessionManager'
Nov 18, 2018 7:13:05 PM org.apache.openejb.config.ConfigurationFactory configureApplication
INFO: Configuring enterprise application: C:\opensap\address-manager\application\target\apache-tomee\webapps\ROOT
Nov 18, 2018 7:13:05 PM org.apache.openejb.config.ConfigurationFactory configureService
INFO: Configuring Service(id=Default Managed Container, type=Container, provider-id=Default Managed Container)
Nov 18, 2018 7:13:05 PM org.apache.openejb.config.AutoConfig createContainer
INFO: Auto-creating a container for bean .Comp1275682364: Container(type=MANAGED, id=Default Managed Container)
Nov 18, 2018 7:13:05 PM org.apache.openejb.assembler.classic.Assembler createRecipe
INFO: Creating Container(id=Default Managed Container)
Nov 18, 2018 7:13:05 PM org.apache.openejb.core.managed.SimplePassivater init
INFO: Using directory C:\opensap\address-manager\application\target\apache-tomee\temp for stateful session passivation
Nov 18, 2018 7:13:05 PM org.apache.openejb.config.AppInfoBuilder build
INFO: Enterprise application "C:\opensap\address-manager\application\target\apache-tomee\webapps\ROOT" loaded.
Nov 18, 2018 7:13:05 PM org.apache.openejb.assembler.classic.Assembler createApplication
INFO: Assembling app: C:\opensap\address-manager\application\target\apache-tomee\webapps\ROOT
Nov 18, 2018 7:13:05 PM org.apache.openejb.cdi.CdiBuilder initSingleton
INFO: Existing thread singleton service in SystemInstance(): org.apache.openejb.cdi.ThreadSingletonServiceImpl@51b279c9
Nov 18, 2018 7:13:05 PM org.apache.openejb.cdi.OpenEJBLifecycle startApplication
INFO: OpenWebBeans Container is starting...
Nov 18, 2018 7:13:05 PM org.apache.webbeans.plugins.PluginLoader startUp
INFO: Adding OpenWebBeansPlugin : [CdiPlugin]
Nov 18, 2018 7:13:05 PM org.apache.webbeans.plugins.PluginLoader startUp
INFO: Adding OpenWebBeansPlugin : [OpenWebBeansJsfPlugin]
Nov 18, 2018 7:13:09 PM org.apache.webbeans.config.BeansDeployer deploySingleAnnotatedType
INFO: Skipping deployment of Class class com.sap.cloud.sdk.cloudplatform.auditlog.ScpCfAuditLogdue to a NoClassDefFoundError: com/sap/xs/audit/api/exception/AuditLogNotAvailableException
Nov 18, 2018 7:13:13 PM org.apache.webbeans.config.BeansDeployer validateInjectionPoints
INFO: All injection points were validated successfully.
Nov 18, 2018 7:13:13 PM org.apache.openejb.cdi.OpenEJBLifecycle startApplication
INFO: OpenWebBeans Container has started, it took 7146 ms.
Nov 18, 2018 7:13:13 PM org.apache.openejb.assembler.classic.Assembler createApplication
INFO: Deployed Application(path=C:\opensap\address-manager\application\target\apache-tomee\webapps\ROOT)
Nov 18, 2018 7:13:14 PM org.apache.catalina.startup.HostConfig deployWAR
INFO: Deployment of web application archive C:\opensap\address-manager\application\target\apache-tomee\webapps\ROOT.war has finished in 11,118 ms
Nov 18, 2018 7:13:14 PM org.apache.coyote.AbstractProtocol start
INFO: Starting ProtocolHandler ["http-bio-8080"]
Nov 18, 2018 7:13:14 PM org.apache.coyote.AbstractProtocol start
INFO: Starting ProtocolHandler ["ajp-bio-8009"]
Nov 18, 2018 7:13:14 PM org.apache.catalina.startup.Catalina start
INFO: Server startup in 11269 ms
